Using pre-set license
Built from '2020.2/staging' branch; Version is '2020.2.7f1 (c53830e277f1) revision 12924976'; Using compiler version '192528614'; Build Type 'Release'
OS: 'Windows 10 Home; OS build 19041.867; Version 2004; 64bit' Language: 'es' Physical Memory: 16165 MB
BatchMode: 1, IsHumanControllingUs: 0, StartBugReporterOnCrash: 0, Is64bit: 1, IsPro: 0

 COMMAND LINE ARGUMENTS:
C:\Program Files\Unity\Hub\Editor\2020.2.7f1\Editor\Unity.exe
-adb2
-batchMode
-noUpm
-name
AssetImportWorker0
-projectPath
C:/Users/TEFFA/Deteccion_Planos
-logFile
Logs/AssetImportWorker0.log
-srvPort
65534
Successfully changed project path to: C:/Users/TEFFA/Deteccion_Planos
C:/Users/TEFFA/Deteccion_Planos
Using Asset Import Pipeline V2.
Refreshing native plugins compatible for Editor in 34.87 ms, found 0 plugins.
Preloading 0 native plugins for Editor in 0.00 ms.
Initialize engine version: 2020.2.7f1 (c53830e277f1)
[Subsystems] Discovering subsystems at path C:/Program Files/Unity/Hub/Editor/2020.2.7f1/Editor/Data/Resources/UnitySubsystems
[Subsystems] Discovering subsystems at path C:/Users/TEFFA/Deteccion_Planos/Assets
GfxDevice: creating device client; threaded=0
Direct3D:
    Version:  Direct3D 11.0 [level 11.1]
    Renderer: NVIDIA GeForce MX250 (ID=0x1d13)
    Vendor:   
    VRAM:     4027 MB
    Driver:   27.21.14.5206
Initialize mono
Mono path[0] = 'C:/Program Files/Unity/Hub/Editor/2020.2.7f1/Editor/Data/Managed'
Mono path[1] = 'C:/Program Files/Unity/Hub/Editor/2020.2.7f1/Editor/Data/MonoBleedingEdge/lib/mono/unityjit'
Mono config path = 'C:/Program Files/Unity/Hub/Editor/2020.2.7f1/Editor/Data/MonoBleedingEdge/etc'
Using monoOptions --debugger-agent=transport=dt_socket,embedding=1,server=y,suspend=n,address=127.0.0.1:56208
Begin MonoManager ReloadAssembly
Registering precompiled unity dll's ...
Register platform support module: C:/Program Files/Unity/Hub/Editor/2020.2.7f1/Editor/Data/PlaybackEngines/WindowsStandaloneSupport/UnityEditor.WindowsStandalone.Extensions.dll
Registered in 0.002747 seconds.
Native extension for WindowsStandalone target not found
Refreshing native plugins compatible for Editor in 32.43 ms, found 0 plugins.
Preloading 0 native plugins for Editor in 0.00 ms.
Invoked RoslynAnalysisRunner static constructor.
RoslynAnalysisRunner will not be running.
RoslynAnalysisRunner has terminated.
Mono: successfully reloaded assembly
- Completed reload, in  3.026 seconds
Platform modules already initialized, skipping
Registering precompiled user dll's ...
Registered in 0.000734 seconds.
Begin MonoManager ReloadAssembly
Native extension for WindowsStandalone target not found
Refreshing native plugins compatible for Editor in 0.57 ms, found 0 plugins.
Preloading 0 native plugins for Editor in 0.00 ms.
Invoked RoslynAnalysisRunner static constructor.
RoslynAnalysisRunner will not be running.
RoslynAnalysisRunner has terminated.
Mono: successfully reloaded assembly
- Completed reload, in  1.634 seconds
Platform modules already initialized, skipping
========================================================================
Worker process is ready to serve import requests
Launched and connected shader compiler UnityShaderCompiler.exe after 0.07 seconds
Refreshing native plugins compatible for Editor in 0.35 ms, found 0 plugins.
Preloading 0 native plugins for Editor in 0.00 ms.
Unloading 1436 Unused Serialized files (Serialized files now loaded: 0)
System memory in use before: 66.4 MB.
System memory in use after: 66.5 MB.

Unloading 12 unused Assets to reduce memory usage. Loaded Objects now: 1878.
Total: 2.077700 ms (FindLiveObjects: 0.145700 ms CreateObjectMapping: 0.043900 ms MarkObjects: 1.788000 ms  DeleteObjects: 0.098400 ms)

========================================================================
Received Import Request.
  path: Assets
  artifactKey: Guid(00000000000000001000000000000000) Importer(815301076,1909f56bfc062723c751e8b465ee728b)
Start importing Assets using Guid(00000000000000001000000000000000) Importer(815301076,1909f56bfc062723c751e8b465ee728b)  -> (artifact id: 'f89434ac489deb914593f829e0a47671') in 0.006668 seconds
  Import took 0.009619 seconds .

========================================================================
Received Import Request.
  Time since last request: 7.063909 seconds.
  path: Assets/Prefabs
  artifactKey: Guid(ec4e681e59a32c84b889d6f86c78de0c) Importer(815301076,1909f56bfc062723c751e8b465ee728b)
Start importing Assets/Prefabs using Guid(ec4e681e59a32c84b889d6f86c78de0c) Importer(815301076,1909f56bfc062723c751e8b465ee728b)  -> (artifact id: 'fe7b924b5c250629245eff02f04a8868') in 0.004202 seconds
  Import took 0.006940 seconds .

========================================================================
Received Import Request.
  Time since last request: 11.818583 seconds.
  path: Assets/Prefabs/AR Default Plane.prefab
  artifactKey: Guid(1a51ac5cb1344f94690cf5f47a6664b2) Importer(815301076,1909f56bfc062723c751e8b465ee728b)
Start importing Assets/Prefabs/AR Default Plane.prefab using Guid(1a51ac5cb1344f94690cf5f47a6664b2) Importer(815301076,1909f56bfc062723c751e8b465ee728b)  -> (artifact id: '2845be75df48b5a9983fd550deb2e19e') in 0.060406 seconds
  Import took 0.063188 seconds .

========================================================================
Received Import Request.
  Time since last request: 0.039160 seconds.
  path: Assets/Prefabs/AR Default Plane.prefab
  artifactKey: Guid(1a51ac5cb1344f94690cf5f47a6664b2) Importer(815301076,1909f56bfc062723c751e8b465ee728b)
Start importing Assets/Prefabs/AR Default Plane.prefab using Guid(1a51ac5cb1344f94690cf5f47a6664b2) Importer(815301076,1909f56bfc062723c751e8b465ee728b)  -> (artifact id: '2845be75df48b5a9983fd550deb2e19e') in 0.006591 seconds
  Import took 0.010765 seconds .

========================================================================
Received Import Request.
  Time since last request: 4.283438 seconds.
  path: Assets/Prefabs/AR Default Point Cloud.prefab
  artifactKey: Guid(d8b725fe12496d14a90d33f96fc8d67f) Importer(815301076,1909f56bfc062723c751e8b465ee728b)
Start importing Assets/Prefabs/AR Default Point Cloud.prefab using Guid(d8b725fe12496d14a90d33f96fc8d67f) Importer(815301076,1909f56bfc062723c751e8b465ee728b)  -> (artifact id: '2b564fb26a447a71d4fa94ea3d3a05a8') in 0.012451 seconds
  Import took 0.015184 seconds .

========================================================================
Received Import Request.
  Time since last request: 0.039303 seconds.
  path: Assets/Prefabs/AR Default Point Cloud.prefab
  artifactKey: Guid(d8b725fe12496d14a90d33f96fc8d67f) Importer(815301076,1909f56bfc062723c751e8b465ee728b)
Start importing Assets/Prefabs/AR Default Point Cloud.prefab using Guid(d8b725fe12496d14a90d33f96fc8d67f) Importer(815301076,1909f56bfc062723c751e8b465ee728b)  -> (artifact id: '2b564fb26a447a71d4fa94ea3d3a05a8') in 0.007592 seconds
  Import took 0.011417 seconds .

========================================================================
Received Prepare
Registering precompiled user dll's ...
Registered in 0.000647 seconds.
Begin MonoManager ReloadAssembly
Native extension for WindowsStandalone target not found
Refreshing native plugins compatible for Editor in 0.29 ms, found 0 plugins.
Preloading 0 native plugins for Editor in 0.00 ms.
Invoked RoslynAnalysisRunner static constructor.
RoslynAnalysisRunner will not be running.
RoslynAnalysisRunner has terminated.
Mono: successfully reloaded assembly
- Completed reload, in  1.215 seconds
Platform modules already initialized, skipping
Switching build target platform(5) subTarget(0) extendedPlatform(0) -> platform(13) subTarget(524288) extendedPlatform(0)
Refreshing native plugins compatible for Editor in 0.27 ms, found 0 plugins.
Preloading 0 native plugins for Editor in 0.00 ms.
Unloading 1431 Unused Serialized files (Serialized files now loaded: 0)
System memory in use before: 66.2 MB.
System memory in use after: 66.3 MB.

Unloading 7 unused Assets to reduce memory usage. Loaded Objects now: 1883.
Total: 1.465900 ms (FindLiveObjects: 0.135200 ms CreateObjectMapping: 0.040500 ms MarkObjects: 1.227600 ms  DeleteObjects: 0.060900 ms)

AssetImportParameters requested are different than current active one (requested -> active):
  custom:graphics/normal-map-encoding: 01000000000000000000000000000000 -> 02000000000000000000000000000000
========================================================================
Received Prepare
Refreshing native plugins compatible for Editor in 1.14 ms, found 0 plugins.
Preloading 0 native plugins for Editor in 0.00 ms.
Unloading 4 Unused Serialized files (Serialized files now loaded: 0)
System memory in use before: 37.7 MB.
System memory in use after: 37.8 MB.

Unloading 4 unused Assets to reduce memory usage. Loaded Objects now: 1883.
Total: 2.879700 ms (FindLiveObjects: 0.308100 ms CreateObjectMapping: 0.096200 ms MarkObjects: 2.360500 ms  DeleteObjects: 0.112700 ms)

========================================================================
Received Import Request.
  Time since last request: 567.388939 seconds.
  path: Assets/Prefabs/PlaceOnPlane.cs
  artifactKey: Guid(60c1a2a038b973c449670a43458dc53b) Importer(815301076,1909f56bfc062723c751e8b465ee728b)
Start importing Assets/Prefabs/PlaceOnPlane.cs using Guid(60c1a2a038b973c449670a43458dc53b) Importer(815301076,1909f56bfc062723c751e8b465ee728b)  -> (artifact id: '1fa9db3e4170b6fc8f18a82a24463188') in 0.016269 seconds
  Import took 0.019964 seconds .

========================================================================
Received Prepare
Refreshing native plugins compatible for Editor in 0.99 ms, found 0 plugins.
Preloading 0 native plugins for Editor in 0.00 ms.
Unloading 4 Unused Serialized files (Serialized files now loaded: 0)
System memory in use before: 37.8 MB.
System memory in use after: 37.9 MB.

Unloading 4 unused Assets to reduce memory usage. Loaded Objects now: 1883.
Total: 2.273700 ms (FindLiveObjects: 0.168800 ms CreateObjectMapping: 0.042700 ms MarkObjects: 1.994800 ms  DeleteObjects: 0.064900 ms)

========================================================================
Received Prepare
Refreshing native plugins compatible for Editor in 0.88 ms, found 0 plugins.
Preloading 0 native plugins for Editor in 0.00 ms.
Unloading 4 Unused Serialized files (Serialized files now loaded: 0)
System memory in use before: 37.8 MB.
System memory in use after: 37.9 MB.

Unloading 4 unused Assets to reduce memory usage. Loaded Objects now: 1883.
Total: 3.073300 ms (FindLiveObjects: 0.271600 ms CreateObjectMapping: 0.082300 ms MarkObjects: 2.631300 ms  DeleteObjects: 0.085400 ms)

========================================================================
Received Prepare
Refreshing native plugins compatible for Editor in 0.70 ms, found 0 plugins.
Preloading 0 native plugins for Editor in 0.00 ms.
Unloading 4 Unused Serialized files (Serialized files now loaded: 0)
System memory in use before: 37.8 MB.
System memory in use after: 37.9 MB.

Unloading 4 unused Assets to reduce memory usage. Loaded Objects now: 1883.
Total: 2.266100 ms (FindLiveObjects: 0.227200 ms CreateObjectMapping: 0.087200 ms MarkObjects: 1.848100 ms  DeleteObjects: 0.101700 ms)

AssetImportWorkerClient::OnTransportError - code=2 error=End of file
